<?xml version="1.0" encoding="UTF-8"?>
<testng-results skipped="0" failed="0" ignored="0" total="1" passed="1">
  <reporter-output>
  </reporter-output>
  <suite name="Default suite" duration-ms="11913" started-at="2020-01-14T10:14:37Z" finished-at="2020-01-14T10:14:49Z">
    <groups>
    </groups>
    <test name="Default test" duration-ms="11913" started-at="2020-01-14T10:14:37Z" finished-at="2020-01-14T10:14:49Z">
      <class name="myTestngPackage.griddemo">
        <test-method status="PASS" signature="verifylogin()[pri:0, instance:myTestngPackage.griddemo@9629756]" name="verifylogin" duration-ms="11888" started-at="2020-01-14T10:14:37Z" finished-at="2020-01-14T10:14:49Z">
          <reporter-output>
          </reporter-output>
        </test-method> <!-- verifylogin -->
      </class> <!-- myTestngPackage.griddemo -->
    </test> <!-- Default test -->
  </suite> <!-- Default suite -->
</testng-results>
