<?xml version="1.0" encoding="UTF-8"?>
<!-- Generated by org.testng.reporters.JUnitXMLReporter -->
<testsuite hostname="IBM-Testing01" ignored="0" name="Test1" tests="8" failures="0" timestamp="08 Jan 2020 05:49:06 GMT" time="0.074" errors="0">
  <testcase name="testMethod1" time="0.012" classname="groupspackage.testgroup1"/>
  <testcase name="testMethod2" time="0.0" classname="groupspackage.testgroup1"/>
  <testcase name="testMethod3" time="0.0" classname="groupspackage.testgroup1"/>
  <testcase name="testMethod4" time="0.001" classname="groupspackage.testgroup1"/>
  <testcase name="testMethod5" time="0.0" classname="groupspackage.testgroup2"/>
  <testcase name="testMethod6" time="0.002" classname="groupspackage.testgroup2"/>
  <testcase name="testMethod7" time="0.003" classname="groupspackage.testgroup2"/>
  <testcase name="testMethod8" time="0.0" classname="groupspackage.testgroup2"/>
</testsuite> <!-- Test1 -->
